0 info it worked if it ends with ok
1 verbose cli [ 'node', '/usr/local/bin/npm', 'install', '-g', 'nodemon' ]
2 info using npm@2.7.4
3 info using node@v0.12.2
4 silly cache add args [ 'nodemon', null ]
5 verbose cache add spec nodemon
6 silly cache add parsed spec { raw: 'nodemon',
6 silly cache add   scope: null,
6 silly cache add   name: 'nodemon',
6 silly cache add   rawSpec: '',
6 silly cache add   spec: '*',
6 silly cache add   type: 'range' }
7 verbose addNamed nodemon@*
8 silly addNamed semver.valid null
9 silly addNamed semver.validRange *
10 silly addNameRange { name: 'nodemon', range: '*', hasData: false }
11 silly mapToRegistry name nodemon
12 silly mapToRegistry using default registry
13 silly mapToRegistry registry https://registry.npmjs.org/
14 silly mapToRegistry uri https://registry.npmjs.org/nodemon
15 verbose addNameRange registry:https://registry.npmjs.org/nodemon not in flight; fetching
16 verbose get https://registry.npmjs.org/nodemon not expired, no request
17 silly addNameRange number 2 { name: 'nodemon', range: '*', hasData: true }
18 silly addNameRange versions [ 'nodemon',
18 silly addNameRange   [ '0.1.4',
18 silly addNameRange     '0.1.5',
18 silly addNameRange     '0.1.6',
18 silly addNameRange     '0.1.7',
18 silly addNameRange     '0.1.8',
18 silly addNameRange     '0.2.0',
18 silly addNameRange     '0.2.1',
18 silly addNameRange     '0.2.2',
18 silly addNameRange     '0.3.0',
18 silly addNameRange     '0.3.1',
18 silly addNameRange     '0.3.2',
18 silly addNameRange     '0.4.0',
18 silly addNameRange     '0.4.1',
18 silly addNameRange     '0.5.0',
18 silly addNameRange     '0.5.1',
18 silly addNameRange     '0.5.2',
18 silly addNameRange     '0.5.3',
18 silly addNameRange     '0.5.4',
18 silly addNameRange     '0.5.5',
18 silly addNameRange     '0.5.6',
18 silly addNameRange     '0.5.7',
18 silly addNameRange     '0.6.0',
18 silly addNameRange     '0.6.1',
18 silly addNameRange     '0.6.2',
18 silly addNameRange     '0.6.3',
18 silly addNameRange     '0.6.4',
18 silly addNameRange     '0.6.5',
18 silly addNameRange     '0.6.6',
18 silly addNameRange     '0.6.7',
18 silly addNameRange     '0.6.8',
18 silly addNameRange     '0.6.9',
18 silly addNameRange     '0.6.10',
18 silly addNameRange     '0.6.11',
18 silly addNameRange     '0.6.12',
18 silly addNameRange     '0.6.13',
18 silly addNameRange     '0.6.14',
18 silly addNameRange     '0.6.15',
18 silly addNameRange     '0.6.16',
18 silly addNameRange     '0.6.17',
18 silly addNameRange     '0.6.18',
18 silly addNameRange     '0.6.19',
18 silly addNameRange     '0.6.20',
18 silly addNameRange     '0.6.21',
18 silly addNameRange     '0.6.22',
18 silly addNameRange     '0.6.23',
18 silly addNameRange     '0.7.0',
18 silly addNameRange     '0.7.1',
18 silly addNameRange     '0.7.2',
18 silly addNameRange     '0.7.3',
18 silly addNameRange     '0.7.4',
18 silly addNameRange     '0.7.5',
18 silly addNameRange     '0.7.6',
18 silly addNameRange     '0.7.7',
18 silly addNameRange     '0.7.8',
18 silly addNameRange     '0.7.10',
18 silly addNameRange     '0.9.0',
18 silly addNameRange     '0.9.1',
18 silly addNameRange     '0.9.2',
18 silly addNameRange     '0.9.3',
18 silly addNameRange     '0.9.5',
18 silly addNameRange     '0.9.6',
18 silly addNameRange     '0.9.7',
18 silly addNameRange     '0.9.10',
18 silly addNameRange     '0.9.11',
18 silly addNameRange     '0.9.12',
18 silly addNameRange     '0.9.14',
18 silly addNameRange     '0.9.16',
18 silly addNameRange     '0.9.17',
18 silly addNameRange     '1.0.0',
18 silly addNameRange     '1.0.1',
18 silly addNameRange     '1.0.2',
18 silly addNameRange     '1.0.2-rc',
18 silly addNameRange     '0.6.10-a',
18 silly addNameRange     '1.0.2-rc3',
18 silly addNameRange     '1.0.2-rc4',
18 silly addNameRange     '1.0.3',
18 silly addNameRange     '1.0.4',
18 silly addNameRange     '1.0.5',
18 silly addNameRange     '1.0.6',
18 silly addNameRange     '1.0.7',
18 silly addNameRange     '1.0.8',
18 silly addNameRange     '1.0.9',
18 silly addNameRange     '1.0.10',
18 silly addNameRange     '1.0.11',
18 silly addNameRange     '1.0.12',
18 silly addNameRange     '1.0.13',
18 silly addNameRange     '1.0.14',
18 silly addNameRange     '1.0.15',
18 silly addNameRange     '1.0.16',
18 silly addNameRange     '1.0.17-rc1',
18 silly addNameRange     '1.0.17-rc2',
18 silly addNameRange     '1.0.17',
18 silly addNameRange     '1.0.18',
18 silly addNameRange     '1.0.19',
18 silly addNameRange     '1.0.20',
18 silly addNameRange     '1.1.0-alpha',
18 silly addNameRange     '1.1.0',
18 silly addNameRange     '1.1.1',
18 silly addNameRange     '1.2.0',
18 silly addNameRange     '1.2.1',
18 silly addNameRange     '1.3.0-0',
18 silly addNameRange     '1.3.0-1',
18 silly addNameRange     '1.3.0-2',
18 silly addNameRange     '1.3.0-3',
18 silly addNameRange     '1.3.0-4',
18 silly addNameRange     '1.3.0-5',
18 silly addNameRange     '1.3.0-6',
18 silly addNameRange     '1.3.0-7',
18 silly addNameRange     '1.3.0',
18 silly addNameRange     '1.3.1',
18 silly addNameRange     '1.3.2',
18 silly addNameRange     '1.3.3',
18 silly addNameRange     '1.3.5',
18 silly addNameRange     '1.3.6',
18 silly addNameRange     '1.3.7',
18 silly addNameRange     '1.3.8',
18 silly addNameRange     '1.4.0',
18 silly addNameRange     '1.4.1',
18 silly addNameRange     '1.5.0-alpha1',
18 silly addNameRange     '1.5.0-alpha2',
18 silly addNameRange     '1.5.0-alpha3',
18 silly addNameRange     '1.5.0-alpha4',
18 silly addNameRange     '1.4.2',
18 silly addNameRange     '1.5.0',
18 silly addNameRange     '1.5.1',
18 silly addNameRange     '1.6.0',
18 silly addNameRange     '1.6.1',
18 silly addNameRange     '1.7.0',
18 silly addNameRange     '1.7.1' ] ]
19 verbose addNamed nodemon@1.7.1
20 silly addNamed semver.valid 1.7.1
21 silly addNamed semver.validRange 1.7.1
22 silly cache afterAdd nodemon@1.7.1
23 verbose afterAdd /Users/shanemurtagh/.npm/nodemon/1.7.1/package/package.json not in flight; writing
24 verbose afterAdd /Users/shanemurtagh/.npm/nodemon/1.7.1/package/package.json written
25 silly install resolved [ { name: 'nodemon',
25 silly install resolved     homepage: 'http://nodemon.io',
25 silly install resolved     author: { name: 'Remy Sharp', url: 'http://github.com/remy' },
25 silly install resolved     bin: { nodemon: './bin/nodemon.js' },
25 silly install resolved     engines: { node: '>=0.8' },
25 silly install resolved     repository: { type: 'git', url: 'git+https://github.com/remy/nodemon.git' },
25 silly install resolved     description: 'Simple monitor script for use during development of a node.js app.',
25 silly install resolved     keywords:
25 silly install resolved      [ 'monitor',
25 silly install resolved        'development',
25 silly install resolved        'restart',
25 silly install resolved        'autoload',
25 silly install resolved        'reload',
25 silly install resolved        'terminal' ],
25 silly install resolved     preferGlobal: 'true',
25 silly install resolved     license: 'MIT',
25 silly install resolved     main: './lib/nodemon',
25 silly install resolved     scripts:
25 silly install resolved      { coverage: 'istanbul cover _mocha -- --timeout 30000 --ui bdd --reporter list test/**/*.test.js',
25 silly install resolved        lint: 'jscs lib/**/*.js -v',
25 silly install resolved        ':spec': 'mocha --timeout 30000 --ui bdd test/**/*.test.js',
25 silly install resolved        test: 'npm run lint && npm run spec',
25 silly install resolved        spec: 'for FILE in test/**/*.test.js; do echo $FILE; ./node_modules/.bin/mocha --timeout 30000 $FILE; if [ $? -ne 0 ]; then exit 1; fi; sleep 1; done',
25 silly install resolved        web: 'node web',
25 silly install resolved        'semantic-release': 'semantic-release pre && npm publish && semantic-release post' },
25 silly install resolved     devDependencies:
25 silly install resolved      { async: '1.4.2',
25 silly install resolved        'coffee-script': '~1.7.1',
25 silly install resolved        connect: '~2.19.1',
25 silly install resolved        istanbul: '~0.2.10',
25 silly install resolved        jscs: '2.1.1',
25 silly install resolved        mocha: '2.3.3',
25 silly install resolved        should: '~4.0.0',
25 silly install resolved        'semantic-release': '4.3.5' },
25 silly install resolved     dependencies:
25 silly install resolved      { chokidar: '1.1.0',
25 silly install resolved        debug: '2.2.0',
25 silly install resolved        'es6-promise': '3.0.2',
25 silly install resolved        'lodash.defaults': '3.1.2',
25 silly install resolved        minimatch: '~0.3.0',
25 silly install resolved        'ps-tree': '~0.0.3',
25 silly install resolved        touch: '1.0.0',
25 silly install resolved        undefsafe: '0.0.3',
25 silly install resolved        'update-notifier': '0.5.0' },
25 silly install resolved     version: '1.7.1',
25 silly install resolved     gitHead: 'c606ad507d76cc4cf98f35543b5ffed74a58e371',
25 silly install resolved     bugs: { url: 'https://github.com/remy/nodemon/issues' },
25 silly install resolved     _id: 'nodemon@1.7.1',
25 silly install resolved     _shasum: '922633a03b6835c2c29013883be4c7b4fc5f24e4',
25 silly install resolved     _from: 'nodemon@*',
25 silly install resolved     _npmVersion: '2.14.6',
25 silly install resolved     _nodeVersion: '4.1.1',
25 silly install resolved     _npmUser: { name: 'remy', email: 'remy@leftlogic.com' },
25 silly install resolved     dist:
25 silly install resolved      { shasum: '922633a03b6835c2c29013883be4c7b4fc5f24e4',
25 silly install resolved        tarball: 'http://registry.npmjs.org/nodemon/-/nodemon-1.7.1.tgz' },
25 silly install resolved     maintainers: [ [Object] ],
25 silly install resolved     directories: {},
25 silly install resolved     _resolved: 'https://registry.npmjs.org/nodemon/-/nodemon-1.7.1.tgz',
25 silly install resolved     readme: 'ERROR: No README data found!' } ]
26 info install nodemon@1.7.1 into /usr/local/lib
27 info installOne nodemon@1.7.1
28 verbose installOne of nodemon to /usr/local/lib not in flight; installing
29 verbose lock using /Users/shanemurtagh/.npm/_locks/nodemon-49f7ed19e778991e.lock for /usr/local/lib/node_modules/nodemon
30 silly install write writing nodemon 1.7.1 to /usr/local/lib/node_modules/nodemon
31 silly cache addNamed cb nodemon@1.7.1
32 verbose unbuild lib/node_modules/nodemon
33 info preuninstall nodemon@1.3.7
34 info uninstall nodemon@1.3.7
35 verbose unbuild rmStuff nodemon@1.3.7 from /usr/local/lib/node_modules
36 silly gentlyRm /usr/local/bin/nodemon is being gently removed
37 silly gentlyRm verifying /usr/local is an npm working directory
38 silly gentlyRm containing path /usr/local is under npm's control, in /usr/local
39 silly gentlyRm deletion target /usr/local/bin/nodemon is under /usr/local
40 verbose gentlyRm vacuuming from /usr/local/bin/nodemon up to /usr/local
41 info postuninstall nodemon@1.3.7
42 silly gentlyRm /usr/local/lib/node_modules/nodemon is being purged from base /usr/local
43 verbose gentlyRm don't care about contents; nuking /usr/local/lib/node_modules/nodemon
44 silly vacuum-fs purging /usr/local/lib/node_modules/nodemon
45 verbose unlock done using /Users/shanemurtagh/.npm/_locks/nodemon-49f7ed19e778991e.lock for /usr/local/lib/node_modules/nodemon
46 verbose stack Error: EACCES, rmdir '/usr/local/lib/node_modules/nodemon'
46 verbose stack     at Error (native)
47 verbose cwd /Users/shanemurtagh/Desktop/Melmoth_Mean_App
48 error Darwin 14.0.0
49 error argv "node" "/usr/local/bin/npm" "install" "-g" "nodemon"
50 error node v0.12.2
51 error npm  v2.7.4
52 error path /usr/local/lib/node_modules/nodemon
53 error code EACCES
54 error errno -13
55 error Error: EACCES, rmdir '/usr/local/lib/node_modules/nodemon'
55 error     at Error (native)
55 error  { [Error: EACCES, rmdir '/usr/local/lib/node_modules/nodemon']
55 error   errno: -13,
55 error   code: 'EACCES',
55 error   path: '/usr/local/lib/node_modules/nodemon' }
56 error Please try running this command again as root/Administrator.
57 verbose exit [ -13, true ]
58 verbose unbuild lib/node_modules/nodemon
59 info preuninstall nodemon@1.3.7
60 info uninstall nodemon@1.3.7
61 verbose unbuild rmStuff nodemon@1.3.7 from /usr/local/lib/node_modules
62 silly gentlyRm /usr/local/bin/nodemon is being gently removed
63 silly gentlyRm verifying /usr/local is an npm working directory
64 silly gentlyRm containing path /usr/local is under npm's control, in /usr/local
65 silly gentlyRm deletion target /usr/local/bin/nodemon is under /usr/local
66 verbose gentlyRm vacuuming from /usr/local/bin/nodemon up to /usr/local
67 info postuninstall nodemon@1.3.7
68 silly gentlyRm /usr/local/lib/node_modules/nodemon is being purged from base /usr/local
69 verbose gentlyRm don't care about contents; nuking /usr/local/lib/node_modules/nodemon
70 silly vacuum-fs purging /usr/local/lib/node_modules/nodemon
71 error error rolling back Error: EACCES, rmdir '/usr/local/lib/node_modules/nodemon'
71 error error rolling back     at Error (native)
71 error error rolling back  { [Error: EACCES, rmdir '/usr/local/lib/node_modules/nodemon']
71 error error rolling back   errno: -13,
71 error error rolling back   code: 'EACCES',
71 error error rolling back   path: '/usr/local/lib/node_modules/nodemon' }
